<?xml version="1.0" encoding="UTF-8"?>
<testsuites>
	<testsuite tests="1" errors="0" failures="0" time="0.001" timestamp="2015-07-16T11:56:04">
		<testcase classname="subtractNums" name="subtracts the two arguments" time="0.001">
		</testcase>
	</testsuite>
</testsuites>

