<?xml version="1.0" encoding="UTF-8"?>
<testsuites>
	<testsuite tests="3" errors="0" failures="0" time="0.002" timestamp="2015-07-16T11:56:04">
		<testcase classname="calculate" name="adds the two arguments when callback is addNums" time="0">
		</testcase>
		<testcase classname="calculate" name="subtracts the two arguments when callback is subtractNums" time="0">
		</testcase>
		<testcase classname="calculate" name="can multiply numbers given the correct callback" time="0.001">
		</testcase>
	</testsuite>
</testsuites>

